0 info it worked if it ends with ok
1 verbose cli [ '/usr/local/bin/node',
1 verbose cli   '/usr/local/bin/npm',
1 verbose cli   'install',
1 verbose cli   '-g',
1 verbose cli   'cordova',
1 verbose cli   'to',
1 verbose cli   'update' ]
2 info using npm@2.14.20
3 info using node@v4.4.1
4 verbose install initial load of /usr/local/lib/package.json
5 verbose readDependencies loading dependencies from /usr/local/lib/package.json
6 silly cache add args [ 'cordova', null ]
7 verbose cache add spec cordova
8 silly cache add args [ 'to', null ]
9 verbose cache add spec to
10 silly cache add args [ 'update', null ]
11 verbose cache add spec update
12 silly cache add parsed spec Result {
12 silly cache add   raw: 'cordova',
12 silly cache add   scope: null,
12 silly cache add   name: 'cordova',
12 silly cache add   rawSpec: '',
12 silly cache add   spec: 'latest',
12 silly cache add   type: 'tag' }
13 silly addNamed cordova@latest
14 verbose addNamed "latest" is being treated as a dist-tag for cordova
15 info addNameTag [ 'cordova', 'latest' ]
16 silly mapToRegistry name cordova
17 silly mapToRegistry using default registry
18 silly mapToRegistry registry https://registry.npm.taobao.org/
19 silly mapToRegistry uri https://registry.npm.taobao.org/cordova
20 verbose addNameTag registry:https://registry.npm.taobao.org/cordova not in flight; fetching
21 silly cache add parsed spec Result {
21 silly cache add   raw: 'to',
21 silly cache add   scope: null,
21 silly cache add   name: 'to',
21 silly cache add   rawSpec: '',
21 silly cache add   spec: 'latest',
21 silly cache add   type: 'tag' }
22 silly addNamed to@latest
23 verbose addNamed "latest" is being treated as a dist-tag for to
24 info addNameTag [ 'to', 'latest' ]
25 silly mapToRegistry name to
26 silly mapToRegistry using default registry
27 silly mapToRegistry registry https://registry.npm.taobao.org/
28 silly mapToRegistry uri https://registry.npm.taobao.org/to
29 verbose addNameTag registry:https://registry.npm.taobao.org/to not in flight; fetching
30 silly cache add parsed spec Result {
30 silly cache add   raw: 'update',
30 silly cache add   scope: null,
30 silly cache add   name: 'update',
30 silly cache add   rawSpec: '',
30 silly cache add   spec: 'latest',
30 silly cache add   type: 'tag' }
31 silly addNamed update@latest
32 verbose addNamed "latest" is being treated as a dist-tag for update
33 info addNameTag [ 'update', 'latest' ]
34 silly mapToRegistry name update
35 silly mapToRegistry using default registry
36 silly mapToRegistry registry https://registry.npm.taobao.org/
37 silly mapToRegistry uri https://registry.npm.taobao.org/update
38 verbose addNameTag registry:https://registry.npm.taobao.org/update not in flight; fetching
39 verbose request uri https://registry.npm.taobao.org/to
40 verbose request no auth needed
41 info attempt registry request try #1 at 21:27:12
42 verbose request id 50ca9aa85b4b9ff6
43 http request GET https://registry.npm.taobao.org/to
44 verbose request uri https://registry.npm.taobao.org/update
45 verbose request no auth needed
46 info attempt registry request try #1 at 21:27:12
47 http request GET https://registry.npm.taobao.org/update
48 verbose request uri https://registry.npm.taobao.org/cordova
49 verbose request no auth needed
50 info attempt registry request try #1 at 21:27:12
51 verbose etag "74700-4H8vPvYD3xo9IPMViDoKjA"
52 http request GET https://registry.npm.taobao.org/cordova
53 http 200 https://registry.npm.taobao.org/to
54 verbose headers { date: 'Tue, 05 Apr 2016 13:26:56 GMT',
54 verbose headers   'content-type': 'application/json; charset=utf-8',
54 verbose headers   'content-length': '17944',
54 verbose headers   connection: 'keep-alive',
54 verbose headers   etag: '"4618-zdQSlHUIGkGB6Bi/DOTUxg"',
54 verbose headers   'x-readtime': '31' }
55 silly get cb [ 200,
55 silly get   { date: 'Tue, 05 Apr 2016 13:26:56 GMT',
55 silly get     'content-type': 'application/json; charset=utf-8',
55 silly get     'content-length': '17944',
55 silly get     connection: 'keep-alive',
55 silly get     etag: '"4618-zdQSlHUIGkGB6Bi/DOTUxg"',
55 silly get     'x-readtime': '31' } ]
56 verbose get saving to to /Users/tudou/.npm/registry.npm.taobao.org/to/.cache.json
57 verbose correctMkdir /Users/tudou/.npm correctMkdir not in flight; initializing
58 silly addNameTag next cb for to with tag latest
59 silly addNamed to@0.2.9
60 verbose addNamed "0.2.9" is a plain semver version for to
61 silly mapToRegistry name to
62 silly mapToRegistry using default registry
63 silly mapToRegistry registry https://registry.npm.taobao.org/
64 silly mapToRegistry uri https://registry.npm.taobao.org/to
65 verbose addRemoteTarball https://registry.npm.taobao.org/to/download/to-0.2.9.tgz not in flight; adding
66 verbose addRemoteTarball [ 'https://registry.npm.taobao.org/to/download/to-0.2.9.tgz',
66 verbose addRemoteTarball   '0ba5a56fe53538db9205ceb6d7ed217aae4635c4' ]
67 info retry fetch attempt 1 at 21:27:13
68 info attempt registry request try #1 at 21:27:13
69 http fetch GET https://registry.npm.taobao.org/to/download/to-0.2.9.tgz
70 http 200 https://registry.npm.taobao.org/update
71 verbose headers { date: 'Tue, 05 Apr 2016 13:26:56 GMT',
71 verbose headers   'content-type': 'application/json; charset=utf-8',
71 verbose headers   'content-length': '31849',
71 verbose headers   connection: 'keep-alive',
71 verbose headers   etag: '"7c69-5EUN2JwoFrxTEDMs6Gniag"',
71 verbose headers   'x-readtime': '29' }
72 silly get cb [ 200,
72 silly get   { date: 'Tue, 05 Apr 2016 13:26:56 GMT',
72 silly get     'content-type': 'application/json; charset=utf-8',
72 silly get     'content-length': '31849',
72 silly get     connection: 'keep-alive',
72 silly get     etag: '"7c69-5EUN2JwoFrxTEDMs6Gniag"',
72 silly get     'x-readtime': '29' } ]
73 verbose get saving update to /Users/tudou/.npm/registry.npm.taobao.org/update/.cache.json
74 verbose correctMkdir /Users/tudou/.npm correctMkdir not in flight; initializing
75 silly addNameTag next cb for update with tag latest
76 silly addNamed update@0.4.2
77 verbose addNamed "0.4.2" is a plain semver version for update
78 silly mapToRegistry name update
79 silly mapToRegistry using default registry
80 silly mapToRegistry registry https://registry.npm.taobao.org/
81 silly mapToRegistry uri https://registry.npm.taobao.org/update
82 verbose addRemoteTarball https://registry.npm.taobao.org/update/download/update-0.4.2.tgz not in flight; adding
83 verbose addRemoteTarball [ 'https://registry.npm.taobao.org/update/download/update-0.4.2.tgz',
83 verbose addRemoteTarball   '04c3bf907b653522c83a19d17879370b51097657' ]
84 info retry fetch attempt 1 at 21:27:13
85 info attempt registry request try #1 at 21:27:13
86 http fetch GET https://registry.npm.taobao.org/update/download/update-0.4.2.tgz
87 http fetch 200 https://registry.npm.taobao.org/update/download/update-0.4.2.tgz
88 http fetch 200 https://registry.npm.taobao.org/to/download/to-0.2.9.tgz
89 silly fetchAndShaCheck shasum 04c3bf907b653522c83a19d17879370b51097657
90 silly fetchAndShaCheck shasum 0ba5a56fe53538db9205ceb6d7ed217aae4635c4
91 verbose addTmpTarball /var/folders/zf/tkhylkxs58q695ggv_85wzwc0000gn/T/npm-3078-4406c81a/registry.npm.taobao.org/update/download/update-0.4.2.tgz not in flight; adding
92 verbose addTmpTarball already have metadata; skipping unpack for update@0.4.2
93 verbose correctMkdir /Users/tudou/.npm correctMkdir not in flight; initializing
94 verbose addTmpTarball /var/folders/zf/tkhylkxs58q695ggv_85wzwc0000gn/T/npm-3078-4406c81a/registry.npm.taobao.org/to/download/to-0.2.9.tgz not in flight; adding
95 verbose addTmpTarball already have metadata; skipping unpack for to@0.2.9
96 verbose correctMkdir /Users/tudou/.npm correctMkdir not in flight; initializing
97 silly cache afterAdd update@0.4.2
98 verbose afterAdd /Users/tudou/.npm/update/0.4.2/package/package.json not in flight; writing
99 verbose correctMkdir /Users/tudou/.npm correctMkdir not in flight; initializing
100 silly cache afterAdd to@0.2.9
101 verbose afterAdd /Users/tudou/.npm/to/0.2.9/package/package.json not in flight; writing
102 verbose correctMkdir /Users/tudou/.npm correctMkdir not in flight; initializing
103 verbose afterAdd /Users/tudou/.npm/update/0.4.2/package/package.json written
104 verbose afterAdd /Users/tudou/.npm/to/0.2.9/package/package.json written
105 http 200 https://registry.npm.taobao.org/cordova
106 verbose headers { date: 'Tue, 05 Apr 2016 13:26:57 GMT',
106 verbose headers   'content-type': 'application/json; charset=utf-8',
106 verbose headers   'content-length': '480967',
106 verbose headers   connection: 'keep-alive',
106 verbose headers   etag: '"756c7-lB+wobpe5VkEvjSdDDI56w"',
106 verbose headers   'x-readtime': '385' }
107 silly get cb [ 200,
107 silly get   { date: 'Tue, 05 Apr 2016 13:26:57 GMT',
107 silly get     'content-type': 'application/json; charset=utf-8',
107 silly get     'content-length': '480967',
107 silly get     connection: 'keep-alive',
107 silly get     etag: '"756c7-lB+wobpe5VkEvjSdDDI56w"',
107 silly get     'x-readtime': '385' } ]
108 verbose get saving cordova to /Users/tudou/.npm/registry.npm.taobao.org/cordova/.cache.json
109 verbose correctMkdir /Users/tudou/.npm correctMkdir not in flight; initializing
110 silly addNameTag next cb for cordova with tag latest
111 silly addNamed cordova@6.1.1
112 verbose addNamed "6.1.1" is a plain semver version for cordova
113 silly mapToRegistry name cordova
114 silly mapToRegistry using default registry
115 silly mapToRegistry registry https://registry.npm.taobao.org/
116 silly mapToRegistry uri https://registry.npm.taobao.org/cordova
117 verbose addRemoteTarball https://registry.npm.taobao.org/cordova/download/cordova-6.1.1.tgz not in flight; adding
118 verbose addRemoteTarball [ 'https://registry.npm.taobao.org/cordova/download/cordova-6.1.1.tgz',
118 verbose addRemoteTarball   '156488fe453182941e6034516d4e0f2f85dd47bc' ]
119 info retry fetch attempt 1 at 21:27:14
120 info attempt registry request try #1 at 21:27:14
121 http fetch GET https://registry.npm.taobao.org/cordova/download/cordova-6.1.1.tgz
122 http fetch 200 https://registry.npm.taobao.org/cordova/download/cordova-6.1.1.tgz
123 silly fetchAndShaCheck shasum 156488fe453182941e6034516d4e0f2f85dd47bc
124 verbose addTmpTarball /var/folders/zf/tkhylkxs58q695ggv_85wzwc0000gn/T/npm-3078-4406c81a/registry.npm.taobao.org/cordova/download/cordova-6.1.1.tgz not in flight; adding
125 verbose addTmpTarball already have metadata; skipping unpack for cordova@6.1.1
126 verbose correctMkdir /Users/tudou/.npm correctMkdir not in flight; initializing
127 silly cache afterAdd cordova@6.1.1
128 verbose afterAdd /Users/tudou/.npm/cordova/6.1.1/package/package.json not in flight; writing
129 verbose correctMkdir /Users/tudou/.npm correctMkdir not in flight; initializing
130 verbose afterAdd /Users/tudou/.npm/cordova/6.1.1/package/package.json written
131 silly install resolved [ { name: 'update',
131 silly install resolved     description: 'Easily keep anything in your project up-to-date by installing the updaters you want to use and running `update` in the command line! Update the copyright date, licence type, ensure that a project uses your latest eslint or jshint configuration, remove dep',
131 silly install resolved     version: '0.4.2',
131 silly install resolved     homepage: 'https://github.com/update/update',
131 silly install resolved     author:
131 silly install resolved      { name: 'Jon Schlinkert',
131 silly install resolved        url: 'https://github.com/jonschlinkert' },
131 silly install resolved     authors:
131 silly install resolved      [ 'Brian Woodward <brian.woodward@gmail.com> (https://github.com/doowb)',
131 silly install resolved        'Jon Schlinkert (https://github.com/jonschlinkert)' ],
131 silly install resolved     contributors: [ [Object], [Object] ],
131 silly install resolved     repository: { type: 'git', url: 'git+https://github.com/update/update.git' },
131 silly install resolved     bugs: { url: 'https://github.com/update/update/issues' },
131 silly install resolved     license: 'MIT',
131 silly install resolved     files: [ 'bin', 'index.js', 'lib/' ],
131 silly install resolved     main: 'index.js',
131 silly install resolved     engines: { node: '>=0.10.0' },
131 silly install resolved     scripts: { test: 'mocha' },
131 silly install resolved     preferGlobal: true,
131 silly install resolved     bin: { update: 'bin/update.js' },
131 silly install resolved     dependencies:
131 silly install resolved      { 'ansi-cyan': '^0.1.1',
131 silly install resolved        'ansi-gray': '^0.1.1',
131 silly install resolved        'ansi-green': '^0.1.1',
131 silly install resolved        'ansi-red': '^0.1.1',
131 silly install resolved        'ansi-yellow': '^0.1.1',
131 silly install resolved        'assemble-core': '^0.8.0',
131 silly install resolved        'assemble-loader': '^0.2.6',
131 silly install resolved        async: '^1.5.2',
131 silly install resolved        base: '^0.6.3',
131 silly install resolved        'base-cli': '^0.4.0',
131 silly install resolved        'base-config': '^0.3.3',
131 silly install resolved        'base-options': '^0.5.4',
131 silly install resolved        'base-pipeline': '^0.1.4',
131 silly install resolved        'base-store': '^0.3.2',
131 silly install resolved        'composer-runtimes': '^0.7.0',
131 silly install resolved        'define-property': '^0.2.5',
131 silly install resolved        'engine-base': '^0.1.2',
131 silly install resolved        'expand-args': '^0.3.1',
131 silly install resolved        'expand-object': '^0.4.1',
131 silly install resolved        'export-files': '^2.1.0',
131 silly install resolved        'extend-shallow': '^2.0.1',
131 silly install resolved        'for-own': '^0.1.3',
131 silly install resolved        'get-value': '^2.0.2',
131 silly install resolved        'global-modules': '^0.2.0',
131 silly install resolved        'gulp-eslint': '^1.1.1',
131 silly install resolved        'lazy-cache': '^1.0.3',
131 silly install resolved        'load-pkg': '^3.0.1',
131 silly install resolved        matched: '^0.4.1',
131 silly install resolved        micromatch: '^2.3.7',
131 silly install resolved        minimist: '^1.2.0',
131 silly install resolved        'object.omit': '^2.0.0',
131 silly install resolved        'object.pick': '^1.1.1',
131 silly install resolved        'parser-front-matter': '^1.3.0',
131 silly install resolved        'project-name': '^0.2.3',
131 silly install resolved        'question-cache': '^0.3.5',
131 silly install resolved        rimraf: '^2.5.0',
131 silly install resolved        'set-value': '^0.3.2',
131 silly install resolved        'sort-object-arrays': '^0.1.1',
131 silly install resolved        'stream-exhaust': '^1.0.1',
131 silly install resolved        'success-symbol': '^0.1.0',
131 silly install resolved        through2: '^2.0.0',
131 silly install resolved        'time-stamp': '^0.1.3',
131 silly install resolved        'union-value': '^0.2.1',
131 silly install resolved        use: '^1.1.2' },
131 silly install resolved     devDependencies:
131 silly install resolved      { 'buffer-equal': '^1.0.0',
131 silly install resolved        consolidate: '^0.13.1',
131 silly install resolved        coveralls: '^2.11.6',
131 silly install resolved        'data-store': '^0.12.1',
131 silly install resolved        'engine-handlebars': '^0.8.0',
131 silly install resolved        'event-stream': '^3.3.2',
131 silly install resolved        'graceful-fs': '^4.1.2',
131 silly install resolved        gulp: '^3.9.0',
131 silly install resolved        'gulp-format-md': '^0.1.5',
131 silly install resolved        'gulp-istanbul': '^0.10.3',
131 silly install resolved        'gulp-mocha': '^2.2.0',
131 silly install resolved        'is-buffer': '^1.1.1',
131 silly install resolved        istanbul: '^0.4.1',
131 silly install resolved        'kind-of': '^3.0.2',
131 silly install resolved        mocha: '^2.3.4',
131 silly install resolved        'resolve-glob': '^0.1.8',
131 silly install resolved        should: '^8.0.2',
131 silly install resolved        sinon: '^1.17.2',
131 silly install resolved        swig: '^1.4.2',
131 silly install resolved        vinyl: '^1.1.0' },
131 silly install resolved     keywords: [ 'lint', 'next', 'repo', 'update' ],
131 silly install resolved     verb:
131 silly install resolved      { related: [Object],
131 silly install resolved        reflinks: [Object],
131 silly install resolved        plugins: [Object],
131 silly install resolved        data: [Object] },
131 silly install resolved     update:
131 silly install resolved      { note: 'this is just pseudo data for tests. I\'ll update with real stuff soon.',
131 silly install resolved        cwd: 'lib/pipeline',
131 silly install resolved        helpers: [Object],
131 silly install resolved        plugins: [Object],
131 silly install resolved        set: [Object] },
131 silly install resolved     gitHead: 'de0e1344b048505ed5e49c1b1618a86f98f999e4',
131 silly install resolved     _id: 'update@0.4.2',
131 silly install resolved     _shasum: '04c3bf907b653522c83a19d17879370b51097657',
131 silly install resolved     _from: 'update@latest',
131 silly install resolved     _npmVersion: '3.3.12',
131 silly install resolved     _nodeVersion: '5.3.0',
131 silly install resolved     _npmUser: { name: 'jonschlinkert', email: 'github@sellside.com' },
131 silly install resolved     maintainers: [ [Object] ],
131 silly install resolved     dist:
131 silly install resolved      { shasum: '04c3bf907b653522c83a19d17879370b51097657',
131 silly install resolved        size: 12082,
131 silly install resolved        noattachment: false,
131 silly install resolved        tarball: 'http://registry.npm.taobao.org/update/download/update-0.4.2.tgz' },
131 silly install resolved     directories: {},
131 silly install resolved     publish_time: 1452372173985,
131 silly install resolved     _cnpm_publish_time: 1452372173985,
131 silly install resolved     _resolved: 'https://registry.npm.taobao.org/update/download/update-0.4.2.tgz' },
131 silly install resolved   { name: 'to',
131 silly install resolved     description: 'load/convert between xml,json,yaml formats',
131 silly install resolved     homepage: 'https://github.com/openmason/to',
131 silly install resolved     version: '0.2.9',
131 silly install resolved     author: { name: 'el aras', email: 'openmason@gmail.com' },
131 silly install resolved     dependencies:
131 silly install resolved      { handy: '>= 0.0.11',
131 silly install resolved        underscore: '>= 1.4.0',
131 silly install resolved        'js-yaml': '>= 1.0.2',
131 silly install resolved        htmlparser: '>= 1.7.6',
131 silly install resolved        optimist: '>= 0.3.5' },
131 silly install resolved     devDependencies: { mocha: '>= 1.6.0', should: '>= 1.2.0' },
131 silly install resolved     keywords: [ 'converter', 'convertor', 'json', 'xml', 'yaml' ],
131 silly install resolved     repository: { type: 'git', url: 'git://github.com/openmason/to' },
131 silly install resolved     main: 'index',
131 silly install resolved     scripts: { prepublish: 'npm prune', test: 'make test' },
131 silly install resolved     engines: { node: '>= 0.8.0' },
131 silly install resolved     _id: 'to@0.2.9',
131 silly install resolved     dist:
131 silly install resolved      { shasum: '0ba5a56fe53538db9205ceb6d7ed217aae4635c4',
131 silly install resolved        size: 12055,
131 silly install resolved        noattachment: false,
131 silly install resolved        tarball: 'http://registry.npm.taobao.org/to/download/to-0.2.9.tgz' },
131 silly install resolved     maintainers: [ [Object], [Object] ],
131 silly install resolved     directories: {},
131 silly install resolved     publish_time: 1355280439373,
131 silly install resolved     _cnpm_publish_time: 1355280439373,
131 silly install resolved     _shasum: '0ba5a56fe53538db9205ceb6d7ed217aae4635c4',
131 silly install resolved     _resolved: 'https://registry.npm.taobao.org/to/download/to-0.2.9.tgz',
131 silly install resolved     _from: 'to@latest' },
131 silly install resolved   { name: 'cordova',
131 silly install resolved     version: '6.1.1',
131 silly install resolved     preferGlobal: 'true',
131 silly install resolved     description: 'Cordova command line interface tool',
131 silly install resolved     main: 'cordova',
131 silly install resolved     engines: { node: '>=0.9.9' },
131 silly install resolved     engineStrict: true,
131 silly install resolved     bin: { cordova: './bin/cordova' },
131 silly install resolved     scripts:
131 silly install resolved      { test: 'node node_modules/jasmine-node/bin/jasmine-node --captureExceptions --color spec',
131 silly install resolved        cover: 'node node_modules/istanbul/lib/cli.js cover --root src --print detail node_modules/jasmine-node/bin/jasmine-node -- spec' },
131 silly install resolved     repository:
131 silly install resolved      { type: 'git',
131 silly install resolved        url: 'https://git-wip-us.apache.org/repos/asf/cordova-cli.git' },
131 silly install resolved     bugs:
131 silly install resolved      { url: 'https://issues.apache.org/jira/browse/CB',
131 silly install resolved        email: 'dev@cordova.apache.org' },
131 silly install resolved     keywords: [ 'cordova', 'client', 'cli' ],
131 silly install resolved     dependencies:
131 silly install resolved      { ansi: '^0.3.0',
131 silly install resolved        'cordova-lib': '6.1.1',
131 silly install resolved        'cordova-common': '^1.1.0',
131 silly install resolved        q: '1.0.1',
131 silly install resolved        nopt: '3.0.1',
131 silly install resolved        underscore: '1.7.0',
131 silly install resolved        'update-notifier': '^0.5.0' },
131 silly install resolved     devDependencies:
131 silly install resolved      { istanbul: '^0.3.4',
131 silly install resolved        grunt: '0.4.5',
131 silly install resolved        'grunt-retire': '0.3.7',
131 silly install resolved        'jasmine-node': '1.14.5' },
131 silly install resolved     author: { name: 'Anis Kadri' },
131 silly install resolved     contributors:
131 silly install resolved      [ [Object],
131 silly install resolved        [Object],
131 silly install resolved        [Object],
131 silly install resolved        [Object],
131 silly install resolved        [Object],
131 silly install resolved        [Object],
131 silly install resolved        [Object],
131 silly install resolved        [Object],
131 silly install resolved        [Object],
131 silly install resolved        [Object],
131 silly install resolved        [Object],
131 silly install resolved        [Object],
131 silly install resolved        [Object],
131 silly install resolved        [Object],
131 silly install resolved        [Object],
131 silly install resolved        [Object],
131 silly install resolved        [Object],
131 silly install resolved        [Object],
131 silly install resolved        [Object],
131 silly install resolved        [Object],
131 silly install resolved        [Object],
131 silly install resolved        [Object],
131 silly install resolved        [Object],
131 silly install resolved        [Object] ],
131 silly install resolved     license: 'Apache-2.0',
131 silly install resolved     _id: 'cordova@6.1.1',
131 silly install resolved     _shasum: '156488fe453182941e6034516d4e0f2f85dd47bc',
131 silly install resolved     _resolved: 'https://registry.npm.taobao.org/cordova/download/cordova-6.1.1.tgz',
131 silly install resolved     _from: 'cordova@latest',
131 silly install resolved     _npmVersion: '3.8.3',
131 silly install resolved     _nodeVersion: '5.9.1',
131 silly install resolved     _npmUser:
131 silly install resolved      { name: 'kotikov.vladimir',
131 silly install resolved        email: 'kotikov.vladimir@gmail.com' },
131 silly install resolved     dist:
131 silly install resolved      { shasum: '156488fe453182941e6034516d4e0f2f85dd47bc',
131 silly install resolved        size: 83111,
131 silly install resolved        noattachment: false,
131 silly install resolved        tarball: 'http://registry.npm.taobao.org/cordova/download/cordova-6.1.1.tgz' },
131 silly install resolved     maintainers:
131 silly install resolved      [ [Object],
131 silly install resolved        [Object],
131 silly install resolved        [Object],
131 silly install resolved        [Object],
131 silly install resolved        [Object],
131 silly install resolved        [Object],
131 silly install resolved        [Object],
131 silly install resolved        [Object],
131 silly install resolved        [Object],
131 silly install resolved        [Object],
131 silly install resolved        [Object],
131 silly install resolved        [Object],
131 silly install resolved        [Object],
131 silly install resolved        [Object],
131 silly install resolved        [Object],
131 silly install resolved        [Object],
131 silly install resolved        [Object],
131 silly install resolved        [Object] ],
131 silly install resolved     _npmOperationalInternal:
131 silly install resolved      { host: 'packages-12-west.internal.npmjs.com',
131 silly install resolved        tmp: 'tmp/cordova-6.1.1.tgz_1459545459074_0.8951308054383844' },
131 silly install resolved     directories: {},
131 silly install resolved     publish_time: 1459545461408,
131 silly install resolved     _cnpm_publish_time: 1459545461408 } ]
132 info install update@0.4.2 into /usr/local/lib
133 info install to@0.2.9 into /usr/local/lib
134 info install cordova@6.1.1 into /usr/local/lib
135 info installOne update@0.4.2
136 verbose installOne of update to /usr/local/lib not in flight; installing
137 verbose correctMkdir /Users/tudou/.npm/_locks correctMkdir not in flight; initializing
138 info installOne to@0.2.9
139 verbose installOne of to to /usr/local/lib not in flight; installing
140 verbose correctMkdir /Users/tudou/.npm/_locks correctMkdir already in flight; waiting
141 info installOne cordova@6.1.1
142 verbose installOne of cordova to /usr/local/lib not in flight; installing
143 verbose correctMkdir /Users/tudou/.npm/_locks correctMkdir already in flight; waiting
144 verbose lock using /Users/tudou/.npm/_locks/update-a554ca6fd1dfb67b.lock for /usr/local/lib/node_modules/update
145 verbose lock using /Users/tudou/.npm/_locks/cordova-fa12e2e096426a32.lock for /usr/local/lib/node_modules/cordova
146 verbose lock using /Users/tudou/.npm/_locks/to-9394763c9b022e79.lock for /usr/local/lib/node_modules/to
147 silly install write writing update 0.4.2 to /usr/local/lib/node_modules/update
148 silly install write writing to 0.2.9 to /usr/local/lib/node_modules/to
149 silly install write writing cordova 6.1.1 to /usr/local/lib/node_modules/cordova
150 verbose unbuild lib/node_modules/to
151 verbose unbuild lib/node_modules/update
152 verbose unbuild lib/node_modules/cordova
153 silly gentlyRm /usr/local/lib/node_modules/to is being purged from base /usr/local
154 verbose gentlyRm don't care about contents; nuking /usr/local/lib/node_modules/to
155 silly gentlyRm /usr/local/lib/node_modules/update is being purged from base /usr/local
156 verbose gentlyRm don't care about contents; nuking /usr/local/lib/node_modules/update
157 verbose tar unpack /Users/tudou/.npm/to/0.2.9/package.tgz
158 verbose tar unpacking to /usr/local/lib/node_modules/to
159 silly gentlyRm /usr/local/lib/node_modules/to is being purged
160 verbose gentlyRm don't care about contents; nuking /usr/local/lib/node_modules/to
161 verbose tar unpack /Users/tudou/.npm/update/0.4.2/package.tgz
162 verbose tar unpacking to /usr/local/lib/node_modules/update
163 silly gentlyRm /usr/local/lib/node_modules/update is being purged
164 verbose gentlyRm don't care about contents; nuking /usr/local/lib/node_modules/update
165 silly gunzTarPerm modes [ '755', '644' ]
166 silly gunzTarPerm modes [ '755', '644' ]
167 info preuninstall cordova@6.1.0
168 info uninstall cordova@6.1.0
169 error tar.unpack untar error /Users/tudou/.npm/to/0.2.9/package.tgz
170 verbose unbuild rmStuff cordova@6.1.0 from /usr/local/lib/node_modules
171 silly gentlyRm /usr/local/bin/cordova is being gently removed
172 silly gentlyRm verifying /usr/local is an npm working directory
173 error tar.unpack untar error /Users/tudou/.npm/update/0.4.2/package.tgz
174 verbose unlock done using /Users/tudou/.npm/_locks/to-9394763c9b022e79.lock for /usr/local/lib/node_modules/to
175 silly gentlyRm containing path /usr/local is under npm's control, in /usr/local
176 silly gentlyRm deletion target /usr/local/bin/cordova is under /usr/local
177 verbose gentlyRm vacuuming from /usr/local/bin/cordova up to /usr/local
178 verbose unlock done using /Users/tudou/.npm/_locks/update-a554ca6fd1dfb67b.lock for /usr/local/lib/node_modules/update
179 silly vacuum-fs removing /usr/local/bin/cordova
180 verbose unlock done using /Users/tudou/.npm/_locks/cordova-fa12e2e096426a32.lock for /usr/local/lib/node_modules/cordova
181 verbose fstream_path /usr/local/lib/node_modules/to
182 verbose fstream_type Directory
183 verbose fstream_class DirWriter
184 verbose stack Error: EACCES: permission denied, mkdir '/usr/local/lib/node_modules/to'
184 verbose stack     at Error (native)
185 verbose fstream_stack /usr/local/lib/node_modules/npm/node_modules/fstream/lib/dir-writer.js:35:25
185 verbose fstream_stack /usr/local/lib/node_modules/npm/node_modules/mkdirp/index.js:47:53
185 verbose fstream_stack FSReqWrap.oncomplete (fs.js:82:15)
186 verbose cwd /Users/tudou/www/cordova/chouchou/www
187 error Darwin 15.4.0
188 error argv "/usr/local/bin/node" "/usr/local/bin/npm" "install" "-g" "cordova" "to" "update"
189 error node v4.4.1
190 error npm  v2.14.20
191 error path /usr/local/lib/node_modules/to
192 error code EACCES
193 error errno -13
194 error syscall mkdir
195 error Error: EACCES: permission denied, mkdir '/usr/local/lib/node_modules/to'
195 error     at Error (native)
195 error  { [Error: EACCES: permission denied, mkdir '/usr/local/lib/node_modules/to']
195 error   errno: -13,
195 error   code: 'EACCES',
195 error   syscall: 'mkdir',
195 error   path: '/usr/local/lib/node_modules/to',
195 error   fstream_type: 'Directory',
195 error   fstream_path: '/usr/local/lib/node_modules/to',
195 error   fstream_class: 'DirWriter',
195 error   fstream_stack:
195 error    [ '/usr/local/lib/node_modules/npm/node_modules/fstream/lib/dir-writer.js:35:25',
195 error      '/usr/local/lib/node_modules/npm/node_modules/mkdirp/index.js:47:53',
195 error      'FSReqWrap.oncomplete (fs.js:82:15)' ] }
196 error Please try running this command again as root/Administrator.
197 verbose exit [ -13, true ]
198 verbose unbuild lib/node_modules/to
199 silly gentlyRm /usr/local/lib/node_modules/to is being purged from base /usr/local
200 verbose gentlyRm don't care about contents; nuking /usr/local/lib/node_modules/to
201 verbose unbuild lib/node_modules/update
202 silly gentlyRm /usr/local/lib/node_modules/update is being purged from base /usr/local
203 verbose gentlyRm don't care about contents; nuking /usr/local/lib/node_modules/update
204 verbose unbuild lib/node_modules/cordova
205 info preuninstall cordova@6.1.0
206 info uninstall cordova@6.1.0
207 verbose unbuild rmStuff cordova@6.1.0 from /usr/local/lib/node_modules
208 silly gentlyRm /usr/local/bin/cordova is being gently removed
209 silly gentlyRm verifying /usr/local is an npm working directory
210 silly gentlyRm containing path /usr/local is under npm's control, in /usr/local
211 silly gentlyRm deletion target /usr/local/bin/cordova is under /usr/local
212 verbose gentlyRm vacuuming from /usr/local/bin/cordova up to /usr/local
213 silly vacuum-fs removing /usr/local/bin/cordova
214 error error rolling back Error: EACCES: permission denied, unlink '/usr/local/bin/cordova'
214 error error rolling back     at Error (native)
214 error error rolling back  { [Error: EACCES: permission denied, unlink '/usr/local/bin/cordova']
214 error error rolling back   errno: -13,
214 error error rolling back   code: 'EACCES',
214 error error rolling back   syscall: 'unlink',
214 error error rolling back   path: '/usr/local/bin/cordova' }
